OpenROAD v2.0-28075-g0f99689f45 
Features included (+) or not (-): +GPU +GUI +Python
This program is licensed under the BSD-3 license. See the LICENSE file for details.
Components of this program may be licensed under more restrictive licenses which must be honored.
[INFO ORD-0030] Using 4 thread(s).
read_liberty /home/satyadutt_ms/Desktop/vsd-scl180-orfs/orfs/flow/platforms/sky130hd/lib/sky130_fd_sc_hd__tt_025C_1v80.lib
read_db ./results/sky130hd/gcd/base/2_floorplan.odb
source /home/satyadutt_ms/Desktop/vsd-scl180-orfs/orfs/flow/platforms/sky130hd/setRC.tcl
global_placement -skip_io -density 0.6 -pad_left 0 -pad_right 0
[INFO GPL-0005] Execute conjugate gradient initial placement.
[INFO GPL-0002] DBU: 1000
[INFO GPL-0003] SiteSize: (  0.460  2.720 ) um
[INFO GPL-0004] CoreBBox: (  1.380  2.720 ) ( 78.200 76.160 ) um
[INFO GPL-0032] Initializing region: Top-level
[INFO GPL-0006] Number of instances:               314
[INFO GPL-0007] Movable instances:                 242
[INFO GPL-0008] Fixed instances:                    72
[INFO GPL-0009] Dummy instances:                     0
[INFO GPL-0010] Number of nets:                    278
[INFO GPL-0011] Number of pins:                    855
[INFO GPL-0012] Die BBox:  (  0.000  0.000 ) ( 79.495 79.495 ) um
[INFO GPL-0013] Core BBox: (  1.380  2.720 ) ( 78.200 76.160 ) um
[INFO GPL-0016] Core area:                    5641.661 um^2
[INFO GPL-0014] Region name: top-level.
[INFO GPL-0015] Region area:                  5641.661 um^2
[INFO GPL-0017] Fixed instances area:           90.086 um^2
[INFO GPL-0018] Movable instances area:       2618.381 um^2
[INFO GPL-0019] Utilization:                    47.165 %
[INFO GPL-0020] Standard cells area:          2618.381 um^2
[INFO GPL-0021] Large instances area:            0.000 um^2
[INFO GPL-0033] Initializing Nesterov region: Top-level
[INFO GPL-0023] Placement target density:       0.6000
[INFO GPL-0024] Movable insts average area:     10.820 um^2
[INFO GPL-0025] Ideal bin area:                 18.033 um^2
[INFO GPL-0026] Ideal bin count:                   312
[INFO GPL-0027] Total bin area:               5641.661 um^2
[INFO GPL-0028] Bin count (X, Y):          16 ,     16
[INFO GPL-0029] Bin size (W * H):       4.801 *  4.590 um
[INFO GPL-0030] Number of bins:                    256
[INFO GPL-0007] Execute nesterov global placement.
[INFO GPL-0031] HPWL: Half-Perimeter Wirelength
Iteration | Overflow |     HPWL (um) |  HPWL(%) |   Penalty | Group
---------------------------------------------------------------
        0 |   0.9598 |  6.492620e+02 |   +0.00% |  2.91e-14 |      
       10 |   0.9598 |  5.412360e+02 |  -16.64% |  4.74e-14 |      
       20 |   0.9598 |  5.402820e+02 |   -0.18% |  7.73e-14 |      
       30 |   0.9598 |  5.404420e+02 |   +0.03% |  1.26e-13 |      
       40 |   0.9598 |  5.404710e+02 |   +0.01% |  2.05e-13 |      
       50 |   0.9598 |  5.405550e+02 |   +0.02% |  3.34e-13 |      
       60 |   0.9598 |  5.409140e+02 |   +0.07% |  5.44e-13 |      
       70 |   0.9598 |  5.414200e+02 |   +0.09% |  8.86e-13 |      
       80 |   0.9598 |  5.421230e+02 |   +0.13% |  1.44e-12 |      
       90 |   0.9598 |  5.432550e+02 |   +0.21% |  2.35e-12 |      
      100 |   0.9598 |  5.447780e+02 |   +0.28% |  3.83e-12 |      
      110 |   0.9598 |  5.471820e+02 |   +0.44% |  6.24e-12 |      
      120 |   0.9598 |  5.502540e+02 |   +0.56% |  1.02e-11 |      
      130 |   0.9598 |  5.535830e+02 |   +0.60% |  1.66e-11 |      
      140 |   0.9598 |  5.661980e+02 |   +2.28% |  2.70e-11 |      
      150 |   0.9412 |  6.332220e+02 |  +11.84% |  4.39e-11 |      
      160 |   0.9184 |  8.206360e+02 |  +29.60% |  7.15e-11 |      
      170 |   0.8755 |  1.010857e+03 |  +23.18% |  1.17e-10 |      
      180 |   0.8570 |  1.104751e+03 |   +9.29% |  1.90e-10 |      
      190 |   0.8172 |  1.251266e+03 |  +13.26% |  3.09e-10 |      
      200 |   0.7858 |  1.379239e+03 |  +10.23% |  5.04e-10 |      
      210 |   0.7480 |  1.569569e+03 |  +13.80% |  8.20e-10 |      
      220 |   0.7020 |  1.703999e+03 |   +8.56% |  1.34e-09 |      
      230 |   0.6574 |  1.886871e+03 |  +10.73% |  2.18e-09 |      
      240 |   0.6123 |  2.026830e+03 |   +7.42% |  3.54e-09 |      
      250 |   0.5633 |  2.169104e+03 |   +7.02% |  5.77e-09 |      
      260 |   0.5066 |  2.292386e+03 |   +5.68% |  9.40e-09 |      
      270 |   0.4557 |  2.433601e+03 |   +6.16% |  1.53e-08 |      
      280 |   0.3985 |  2.541859e+03 |   +4.45% |  2.50e-08 |      
      290 |   0.3505 |  2.634846e+03 |   +3.66% |  4.06e-08 |      
      300 |   0.3047 |  2.712830e+03 |   +2.96% |  6.11e-08 |      
      310 |   0.2712 |  2.761485e+03 |   +1.79% |  9.00e-08 |      
      320 |   0.2310 |  2.818144e+03 |   +2.05% |  1.33e-07 |      
      330 |   0.2014 |  2.879072e+03 |   +2.16% |  1.95e-07 |      
      340 |   0.1771 |  2.938360e+03 |   +2.06% |  2.88e-07 |      
      350 |   0.1468 |  2.970059e+03 |   +1.08% |  4.24e-07 |      
      360 |   0.1191 |  2.987108e+03 |   +0.57% |  6.24e-07 |      
      370 |   0.1001 |  3.005434e+03 |   +0.61% |  9.20e-07 |      
      371 |   0.0988 |  3.008139e+03 |          |  9.94e-07 |      
---------------------------------------------------------------
[INFO GPL-1001] Global placement finished at iteration 371
[INFO GPL-1002] Placed Cell Area             2618.3806
[INFO GPL-1003] Available Free Area          5551.5744
[INFO GPL-1004] Minimum Feasible Density        0.4800 (cell_area / free_area)
[INFO GPL-1006]   Suggested Target Densities:
[INFO GPL-1007]     - For 90% usage of free space: 0.5241
[INFO GPL-1008]     - For 80% usage of free space: 0.5896
[INFO GPL-1009]     - For 50% usage of free space: 0.9433
[INFO GPL-1014] Final placement area: 2618.38 (+0.00%)
write_db ./results/sky130hd/gcd/base/3_1_place_gp_skip_io.odb
Elapsed time: 0:00.44[h:]min:sec. CPU time: user 0.21 sys 0.33 (123%). Peak memory: 112480KB.
Log                        Elapsed/s Peak Memory/MB  sha1sum .odb [0:20)
3_1_place_gp_skip_io               0            109 69cdc9fb4e00daece040
