OpenROAD v2.0-28075-g0f99689f45 
Features included (+) or not (-): +GPU +GUI +Python
This program is licensed under the BSD-3 license. See the LICENSE file for details.
Components of this program may be licensed under more restrictive licenses which must be honored.
[INFO ORD-0030] Using 4 thread(s).
read_liberty /home/satyadutt_ms/Desktop/vsd-scl180-orfs/orfs/flow/platforms/sky130hd/lib/sky130_fd_sc_hd__tt_025C_1v80.lib
read_db ./results/sky130hd/gcd/base/3_4_place_resized.odb
source /home/satyadutt_ms/Desktop/vsd-scl180-orfs/orfs/flow/platforms/sky130hd/setRC.tcl
Placement Analysis
---------------------------------
total displacement        774.0 u
average displacement        1.8 u
max displacement            6.3 u
original HPWL            4340.3 u
legalized HPWL           4956.1 u
delta HPWL                   14 %

Detailed placement improvement.
[INFO DPL-0401] Setting random seed to 1.
[INFO DPL-0402] Setting maximum displacement 5 1 to 13600 2720 units.
[INFO DPL-0320] Collected 126 fixed cells.
[INFO DPL-0318] Collected 365 single height cells.
[INFO DPL-0321] Collected 0 wide cells.
[INFO DPL-0322] Image (1380, 2720) - (78200, 76160)
[INFO DPL-0310] Assigned 365 cells into segments.  Movement in X-direction is 0.000000, movement in Y-direction is 0.000000.
[INFO DPL-0313] Found 0 cells in wrong regions.
[INFO DPL-0315] Found 0 row alignment problems.
[INFO DPL-0314] Found 0 site alignment problems.
[INFO DPL-0311] Found 0 overlaps between adjacent cells.
[INFO DPL-0312] Found 0 edge spacing violations and 0 padding violations.
[INFO DPL-0303] Running algorithm for independent set matching.
[INFO DPL-0300] Set matching objective is wirelength.
[INFO DPL-0301] Pass   1 of matching; objective is 4.954041e+06.
[INFO DPL-0302] End of matching; objective is 4.949291e+06, improvement is 0.10 percent.
[INFO DPL-0303] Running algorithm for global swaps.
[INFO DPL-0306] Pass   1 of global swaps; hpwl is 4.835721e+06.
[INFO DPL-0306] Pass   2 of global swaps; hpwl is 4.809077e+06.
[INFO DPL-0307] End of global swaps; objective is 4.809077e+06, improvement is 2.83 percent.
[INFO DPL-0303] Running algorithm for vertical swaps.
[INFO DPL-0308] Pass   1 of vertical swaps; hpwl is 4.779359e+06.
[INFO DPL-0309] End of vertical swaps; objective is 4.779359e+06, improvement is 0.62 percent.
[INFO DPL-0303] Running algorithm for reordering.
[INFO DPL-0304] Pass   1 of reordering; objective is 4.763664e+06.
[INFO DPL-0305] End of reordering; objective is 4.763664e+06, improvement is 0.33 percent.
[INFO DPL-0303] Running algorithm for random improvement.
[INFO DPL-0324] Random improver is using random generator.
[INFO DPL-0325] Random improver is using hpwl objective.
[INFO DPL-0326] Random improver cost string is (a).
[INFO DPL-0332] End of pass, Generator random called 7300 times.
[INFO DPL-0335] Generator random, Cumulative attempts 7300, swaps 1418, moves  1563 since last reset.
[INFO DPL-0333] End of pass, Objective hpwl, Initial cost 4.763664e+06, Scratch cost 4.682246e+06, Incremental cost 4.682246e+06, Mismatch? N
[INFO DPL-0338] End of pass, Total cost is 4.682246e+06.
[INFO DPL-0327] Pass   1 of random improver; improvement in cost is 1.71 percent.
[INFO DPL-0332] End of pass, Generator random called 7300 times.
[INFO DPL-0335] Generator random, Cumulative attempts 14600, swaps 2774, moves  3134 since last reset.
[INFO DPL-0333] End of pass, Objective hpwl, Initial cost 4.682246e+06, Scratch cost 4.641812e+06, Incremental cost 4.641812e+06, Mismatch? N
[INFO DPL-0338] End of pass, Total cost is 4.641812e+06.
[INFO DPL-0327] Pass   2 of random improver; improvement in cost is 0.86 percent.
[INFO DPL-0328] End of random improver; improvement is 2.557947 percent.
[INFO DPL-0380] Cell flipping.
[INFO DPL-0382] Changed 0 cell orientations for row compatibility.
[INFO DPL-0383] Performed 122 cell flips.
[INFO DPL-0384] End of flipping; objective is 4.390330e+06, improvement is 5.42 percent.
[INFO DPL-0313] Found 0 cells in wrong regions.
[INFO DPL-0315] Found 0 row alignment problems.
[INFO DPL-0314] Found 0 site alignment problems.
[INFO DPL-0311] Found 0 overlaps between adjacent cells.
[INFO DPL-0312] Found 0 edge spacing violations and 0 padding violations.
Detailed Improvement Results
------------------------------------------
Original HPWL             4956.1 u (    2609.7,     2346.4)
Final HPWL                4391.9 u (    2244.7,     2147.2)
Delta HPWL                 -11.4 % (     -14.0,       -8.5)

[INFO DPL-0020] Mirrored 16 instances
[INFO DPL-0021] HPWL before            4391.9 u
[INFO DPL-0022] HPWL after             4387.3 u
[INFO DPL-0023] HPWL delta               -0.1 %
[INFO FLW-0012] Placement violations .
estimate_parasitics -placement
Report metrics stage 3, detailed place...

==========================================================================
detailed place report_design_area
--------------------------------------------------------------------------
Design area 3518 um^2 62% utilization.
write_db ./results/sky130hd/gcd/base/3_5_place_dp.odb
Elapsed time: 0:00.62[h:]min:sec. CPU time: user 0.43 sys 0.20 (100%). Peak memory: 115828KB.
Log                        Elapsed/s Peak Memory/MB  sha1sum .odb [0:20)
3_5_place_dp                       0            113 c8aca6db751319e576e5
