OpenROAD v2.0-28075-g0f99689f45 
Features included (+) or not (-): +GPU +GUI +Python
This program is licensed under the BSD-3 license. See the LICENSE file for details.
Components of this program may be licensed under more restrictive licenses which must be honored.
[INFO ORD-0030] Using 4 thread(s).
read_liberty /home/satyadutt_ms/Desktop/vsd-scl180-orfs/orfs/flow/platforms/sky130hd/lib/sky130_fd_sc_hd__tt_025C_1v80.lib
read_db ./results/sky130hd/gcd/base/5_1_grt.odb
source /home/satyadutt_ms/Desktop/vsd-scl180-orfs/orfs/flow/platforms/sky130hd/setRC.tcl
detailed_route -output_drc ./reports/sky130hd/gcd/base/5_route_drc.rpt -output_maze ./results/sky130hd/gcd/base/maze.log -droute_end_iter 64 -verbose 1 -drc_report_iter_step 5
[INFO DRT-0149] Reading tech and libs.
[WARNING DRT-0349] LEF58_ENCLOSURE with no CUTCLASS is not supported. Skipping for layer mcon
[WARNING DRT-0349] LEF58_ENCLOSURE with no CUTCLASS is not supported. Skipping for layer mcon
[WARNING DRT-0349] LEF58_ENCLOSURE with no CUTCLASS is not supported. Skipping for layer via
[WARNING DRT-0349] LEF58_ENCLOSURE with no CUTCLASS is not supported. Skipping for layer via
[WARNING DRT-0349] LEF58_ENCLOSURE with no CUTCLASS is not supported. Skipping for layer via2
[WARNING DRT-0349] LEF58_ENCLOSURE with no CUTCLASS is not supported. Skipping for layer via2
[WARNING DRT-0349] LEF58_ENCLOSURE with no CUTCLASS is not supported. Skipping for layer via3
[WARNING DRT-0349] LEF58_ENCLOSURE with no CUTCLASS is not supported. Skipping for layer via3
[WARNING DRT-0349] LEF58_ENCLOSURE with no CUTCLASS is not supported. Skipping for layer via4
[WARNING DRT-0349] LEF58_ENCLOSURE with no CUTCLASS is not supported. Skipping for layer via4

Units:                1000
Number of layers:     13
Number of macros:     441
Number of vias:       29
Number of viarulegen: 25

[INFO DRT-0150] Reading design.

Design:                   gcd
Die area:                 ( 0 0 ) ( 79495 79495 )
Number of track patterns: 12
Number of DEF vias:       0
Number of components:     468
Number of terminals:      56
Number of snets:          2
Number of nets:           429

[INFO DRT-0167] List of default vias:
  Layer via
    default via: M1M2_PR
  Layer via2
    default via: M2M3_PR
  Layer via3
    default via: M3M4_PR
  Layer via4
    default via: M4M5_PR
[INFO DRT-0162] Library cell analysis.
[INFO DRT-0163] Instance analysis.
[INFO DRT-0164] Number of unique instances = 97.
[INFO DRT-0168] Init region query.
[INFO DRT-0024]   Complete FR_MASTERSLICE.
[INFO DRT-0024]   Complete Fr_VIA.
[INFO DRT-0024]   Complete li1.
[INFO DRT-0024]   Complete mcon.
[INFO DRT-0024]   Complete met1.
[INFO DRT-0024]   Complete via.
[INFO DRT-0024]   Complete met2.
[INFO DRT-0024]   Complete via2.
[INFO DRT-0024]   Complete met3.
[INFO DRT-0024]   Complete via3.
[INFO DRT-0024]   Complete met4.
[INFO DRT-0024]   Complete via4.
[INFO DRT-0024]   Complete met5.
[INFO DRT-0033] FR_MASTERSLICE shape region query size = 0.
[INFO DRT-0033] FR_VIA shape region query size = 0.
[INFO DRT-0033] li1 shape region query size = 11375.
[INFO DRT-0033] mcon shape region query size = 7266.
[INFO DRT-0033] met1 shape region query size = 1555.
[INFO DRT-0033] via shape region query size = 350.
[INFO DRT-0033] met2 shape region query size = 236.
[INFO DRT-0033] via2 shape region query size = 280.
[INFO DRT-0033] met3 shape region query size = 238.
[INFO DRT-0033] via3 shape region query size = 280.
[INFO DRT-0033] met4 shape region query size = 88.
[INFO DRT-0033] via4 shape region query size = 13.
[INFO DRT-0033] met5 shape region query size = 23.
[INFO DRT-0165] Start pin access.
[INFO DRT-0078]   Complete 712 pins.
[INFO DRT-0081]   Complete 97 unique inst patterns.
[INFO DRT-0084]   Complete 205 groups.
#scanned instances     = 468
#unique  instances     = 97
#stdCellGenAp          = 2744
#stdCellValidPlanarAp  = 14
#stdCellValidViaAp     = 1992
#stdCellPinNoAp        = 0
#stdCellPinCnt         = 1165
#instTermValidViaApCnt = 0
#macroGenAp            = 0
#macroValidPlanarAp    = 0
#macroValidViaAp       = 0
#macroNoAp             = 0
[INFO DRT-0166] Complete pin access.
[INFO DRT-0267] cpu time = 00:00:17, elapsed time = 00:00:05, memory = 199.62 (MB), peak = 199.15 (MB)

[INFO DRT-0157] Number of guides:     2755

[INFO DRT-0169] Post process guides.
[INFO DRT-0176] GCELLGRID X 0 DO 11 STEP 6900 ;
[INFO DRT-0177] GCELLGRID Y 0 DO 11 STEP 6900 ;
[INFO DRT-0028]   Complete FR_MASTERSLICE.
[INFO DRT-0028]   Complete Fr_VIA.
[INFO DRT-0028]   Complete li1.
[INFO DRT-0028]   Complete mcon.
[INFO DRT-0028]   Complete met1.
[INFO DRT-0028]   Complete via.
[INFO DRT-0028]   Complete met2.
[INFO DRT-0028]   Complete via2.
[INFO DRT-0028]   Complete met3.
[INFO DRT-0028]   Complete via3.
[INFO DRT-0028]   Complete met4.
[INFO DRT-0028]   Complete via4.
[INFO DRT-0028]   Complete met5.
[INFO DRT-0178] Init guide query.
[INFO DRT-0035]   Complete FR_MASTERSLICE (guide).
[INFO DRT-0035]   Complete Fr_VIA (guide).
[INFO DRT-0035]   Complete li1 (guide).
[INFO DRT-0035]   Complete mcon (guide).
[INFO DRT-0035]   Complete met1 (guide).
[INFO DRT-0035]   Complete via (guide).
[INFO DRT-0035]   Complete met2 (guide).
[INFO DRT-0035]   Complete via2 (guide).
[INFO DRT-0035]   Complete met3 (guide).
[INFO DRT-0035]   Complete via3 (guide).
[INFO DRT-0035]   Complete met4 (guide).
[INFO DRT-0035]   Complete via4 (guide).
[INFO DRT-0035]   Complete met5 (guide).
[INFO DRT-0036] FR_MASTERSLICE guide region query size = 0.
[INFO DRT-0036] FR_VIA guide region query size = 0.
[INFO DRT-0036] li1 guide region query size = 959.
[INFO DRT-0036] mcon guide region query size = 0.
[INFO DRT-0036] met1 guide region query size = 790.
[INFO DRT-0036] via guide region query size = 0.
[INFO DRT-0036] met2 guide region query size = 406.
[INFO DRT-0036] via2 guide region query size = 0.
[INFO DRT-0036] met3 guide region query size = 55.
[INFO DRT-0036] via3 guide region query size = 0.
[INFO DRT-0036] met4 guide region query size = 7.
[INFO DRT-0036] via4 guide region query size = 0.
[INFO DRT-0036] met5 guide region query size = 0.
[INFO DRT-0179] Init gr pin query.
[INFO DRT-0267] cpu time = 00:00:00, elapsed time = 00:00:00, memory = 199.93 (MB), peak = 199.40 (MB)
[INFO DRT-0245] skipped writing guide updates to database.
[INFO DRT-0185] Post process initialize RPin region query.
[INFO DRT-0181] Start track assignment.
[INFO DRT-0184] Done with 1372 vertical wires in 1 frboxes and 845 horizontal wires in 1 frboxes.
[INFO DRT-0186] Done with 124 vertical wires in 1 frboxes and 226 horizontal wires in 1 frboxes.
[INFO DRT-0182] Complete track assignment.
[INFO DRT-0267] cpu time = 00:00:00, elapsed time = 00:00:00, memory = 204.40 (MB), peak = 204.15 (MB)
[INFO DRT-0187] Start routing data preparation.
[INFO DRT-0267] cpu time = 00:00:00, elapsed time = 00:00:00, memory = 204.57 (MB), peak = 204.27 (MB)
[INFO DRT-0194] Start detail routing.
[INFO DRT-0195] Start 0th optimization iteration.
    Completing 20% with 0 violations.
    elapsed time = 00:00:01, memory = 222.25 (MB).
    Completing 50% with 17 violations.
    elapsed time = 00:00:02, memory = 232.96 (MB).
    Completing 70% with 43 violations.
    elapsed time = 00:00:03, memory = 257.81 (MB).
    Completing 100% with 86 violations.
    elapsed time = 00:00:03, memory = 277.63 (MB).
[INFO DRT-0199]   Number of violations = 90.
Viol/Layer        met1   met2
Metal Spacing       31      8
Recheck              3      1
Short               40      7
[INFO DRT-0267] cpu time = 00:00:05, elapsed time = 00:00:04, memory = 622.00 (MB), peak = 621.59 (MB)
Total wire length = 7182 um.
Total wire length on LAYER li1 = 0 um.
Total wire length on LAYER met1 = 3454 um.
Total wire length on LAYER met2 = 3122 um.
Total wire length on LAYER met3 = 504 um.
Total wire length on LAYER met4 = 100 um.
Total wire length on LAYER met5 = 0 um.
Total number of vias = 2381.
Up-via summary (total 2381):

-----------------------
 FR_MASTERSLICE       0
            li1    1174
           met1    1125
           met2      71
           met3      11
           met4       0
-----------------------
               2381


[INFO DRT-0195] Start 1st optimization iteration.
    Completing 20% with 90 violations.
    elapsed time = 00:00:00, memory = 622.04 (MB).
    Completing 50% with 91 violations.
    elapsed time = 00:00:01, memory = 650.76 (MB).
    Completing 70% with 82 violations.
    elapsed time = 00:00:02, memory = 650.76 (MB).
    Completing 100% with 13 violations.
    elapsed time = 00:00:03, memory = 669.29 (MB).
[INFO DRT-0199]   Number of violations = 13.
Viol/Layer        met1   met2
Metal Spacing        5      1
Short                7      0
[INFO DRT-0267] cpu time = 00:00:03, elapsed time = 00:00:03, memory = 669.29 (MB), peak = 668.96 (MB)
Total wire length = 7137 um.
Total wire length on LAYER li1 = 0 um.
Total wire length on LAYER met1 = 3431 um.
Total wire length on LAYER met2 = 3128 um.
Total wire length on LAYER met3 = 474 um.
Total wire length on LAYER met4 = 102 um.
Total wire length on LAYER met5 = 0 um.
Total number of vias = 2367.
Up-via summary (total 2367):

-----------------------
 FR_MASTERSLICE       0
            li1    1172
           met1    1122
           met2      62
           met3      11
           met4       0
-----------------------
               2367


[INFO DRT-0195] Start 2nd optimization iteration.
    Completing 10% with 13 violations.
    elapsed time = 00:00:00, memory = 669.29 (MB).
    Completing 20% with 13 violations.
    elapsed time = 00:00:00, memory = 669.29 (MB).
    Completing 30% with 13 violations.
    elapsed time = 00:00:00, memory = 669.29 (MB).
    Completing 40% with 13 violations.
    elapsed time = 00:00:00, memory = 669.29 (MB).
    Completing 50% with 13 violations.
    elapsed time = 00:00:00, memory = 669.29 (MB).
    Completing 60% with 13 violations.
    elapsed time = 00:00:00, memory = 669.29 (MB).
    Completing 70% with 19 violations.
    elapsed time = 00:00:00, memory = 669.29 (MB).
    Completing 80% with 19 violations.
    elapsed time = 00:00:00, memory = 669.29 (MB).
    Completing 100% with 19 violations.
    elapsed time = 00:00:03, memory = 669.29 (MB).
[INFO DRT-0199]   Number of violations = 19.
Viol/Layer        met1   met3
Metal Spacing        6      1
Short               12      0
[INFO DRT-0267] cpu time = 00:00:03, elapsed time = 00:00:03, memory = 672.28 (MB), peak = 671.96 (MB)
Total wire length = 7128 um.
Total wire length on LAYER li1 = 0 um.
Total wire length on LAYER met1 = 3395 um.
Total wire length on LAYER met2 = 3144 um.
Total wire length on LAYER met3 = 484 um.
Total wire length on LAYER met4 = 104 um.
Total wire length on LAYER met5 = 0 um.
Total number of vias = 2387.
Up-via summary (total 2387):

-----------------------
 FR_MASTERSLICE       0
            li1    1175
           met1    1138
           met2      64
           met3      10
           met4       0
-----------------------
               2387


[INFO DRT-0195] Start 3rd guides tiles iteration.
    Completing 10% with 19 violations.
    elapsed time = 00:00:00, memory = 672.35 (MB).
    Completing 20% with 19 violations.
    elapsed time = 00:00:00, memory = 672.35 (MB).
    Completing 40% with 19 violations.
    elapsed time = 00:00:00, memory = 672.35 (MB).
    Completing 50% with 19 violations.
    elapsed time = 00:00:00, memory = 672.35 (MB).
    Completing 70% with 19 violations.
    elapsed time = 00:00:00, memory = 672.35 (MB).
    Completing 80% with 4 violations.
    elapsed time = 00:00:00, memory = 672.35 (MB).
    Completing 100% with 1 violations.
    elapsed time = 00:00:00, memory = 672.35 (MB).
[INFO DRT-0199]   Number of violations = 1.
Viol/Layer        met2
Metal Spacing        1
[INFO DRT-0267] cpu time = 00:00:01, elapsed time = 00:00:01, memory = 672.35 (MB), peak = 671.96 (MB)
Total wire length = 7116 um.
Total wire length on LAYER li1 = 0 um.
Total wire length on LAYER met1 = 3337 um.
Total wire length on LAYER met2 = 3144 um.
Total wire length on LAYER met3 = 530 um.
Total wire length on LAYER met4 = 104 um.
Total wire length on LAYER met5 = 0 um.
Total number of vias = 2401.
Up-via summary (total 2401):

-----------------------
 FR_MASTERSLICE       0
            li1    1174
           met1    1139
           met2      78
           met3      10
           met4       0
-----------------------
               2401


[INFO DRT-0195] Start 4th guides tiles iteration.
    Completing 100% with 0 violations.
    elapsed time = 00:00:00, memory = 672.35 (MB).
[INFO DRT-0199]   Number of violations = 0.
[INFO DRT-0267] cpu time = 00:00:00, elapsed time = 00:00:00, memory = 672.35 (MB), peak = 671.96 (MB)
Total wire length = 7113 um.
Total wire length on LAYER li1 = 0 um.
Total wire length on LAYER met1 = 3335 um.
Total wire length on LAYER met2 = 3137 um.
Total wire length on LAYER met3 = 532 um.
Total wire length on LAYER met4 = 107 um.
Total wire length on LAYER met5 = 0 um.
Total number of vias = 2400.
Up-via summary (total 2400):

-----------------------
 FR_MASTERSLICE       0
            li1    1174
           met1    1139
           met2      77
           met3      10
           met4       0
-----------------------
               2400


[INFO DRT-0198] Complete detail routing.
Total wire length = 7113 um.
Total wire length on LAYER li1 = 0 um.
Total wire length on LAYER met1 = 3335 um.
Total wire length on LAYER met2 = 3137 um.
Total wire length on LAYER met3 = 532 um.
Total wire length on LAYER met4 = 107 um.
Total wire length on LAYER met5 = 0 um.
Total number of vias = 2400.
Up-via summary (total 2400):

-----------------------
 FR_MASTERSLICE       0
            li1    1174
           met1    1139
           met2      77
           met3      10
           met4       0
-----------------------
               2400


[INFO DRT-0267] cpu time = 00:00:13, elapsed time = 00:00:12, memory = 672.47 (MB), peak = 672.09 (MB)

[INFO DRT-0180] Post processing.
Took 19 seconds: detailed_route -output_drc ./reports/sky130hd/gcd/base/5_route_drc.rpt -output_maze ./results/sky130hd/gcd/base/maze.log -droute_end_iter 64 -verbose 1 -drc_report_iter_step 5
[INFO GRT-0012] Found 0 antenna violations.
[INFO ANT-0002] Found 0 net violations.
[INFO ANT-0001] Found 0 pin violations.
[INFO ANT-0002] Found 0 net violations.
[INFO ANT-0001] Found 0 pin violations.
write_db ./results/sky130hd/gcd/base/5_2_route.odb
Elapsed time: 0:18.97[h:]min:sec. CPU time: user 31.63 sys 1.14 (172%). Peak memory: 688220KB.
Log                        Elapsed/s Peak Memory/MB  sha1sum .odb [0:20)
5_2_route                         18            672 3afffb047a94fcb33395
