OpenROAD v2.0-28075-g0f99689f45 
Features included (+) or not (-): +GPU +GUI +Python
This program is licensed under the BSD-3 license. See the LICENSE file for details.
Components of this program may be licensed under more restrictive licenses which must be honored.
[INFO ORD-0030] Using 4 thread(s).
read_liberty /home/satyadutt_ms/Desktop/vsd-scl180-orfs/orfs/flow/platforms/sky130hd/lib/sky130_fd_sc_hd__tt_025C_1v80.lib
read_db ./results/sky130hd/gcd/base/6_1_fill.odb
source /home/satyadutt_ms/Desktop/vsd-scl180-orfs/orfs/flow/platforms/sky130hd/setRC.tcl
write_db ./results/sky130hd/gcd/base/6_final.odb
Deleted 0 routing obstructions
[INFO RCX-0431] Defined process_corner X with ext_model_index 0
[INFO RCX-0029] Defined extraction corner X
[INFO RCX-0435] Reading extraction model file /home/satyadutt_ms/Desktop/vsd-scl180-orfs/orfs/flow/platforms/sky130hd/rcx_patterns.rules ...
[INFO RCX-0436] RC segment generation gcd (max_merge_res 50.0) ...
[INFO RCX-0040] Final 1174 rc segments
[INFO RCX-0439] Coupling Cap extraction gcd ...
[INFO RCX-0440] Coupling threshhold is 0.1000 fF, coupling capacitance less than 0.1000 fF will be grounded.
[INFO RCX-0442] 54% of 2427 wires extracted
[INFO RCX-0442] 100% of 2427 wires extracted
[INFO RCX-0045] Extract 429 nets, 1603 rsegs, 1603 caps, 2362 ccs
[INFO RCX-0443] 429 nets finished
[INFO PSM-0040] All shapes on net VDD are connected.
########## IR report #################
Net              : VDD
Corner           : default
Total power      : 6.56e-03 W
Supply voltage   : 1.80e+00 V
Worstcase voltage: 1.80e+00 V
Average voltage  : 1.80e+00 V
Average IR drop  : 3.80e-04 V
Worstcase IR drop: 9.38e-04 V
Percentage drop  : 0.05 %
######################################
[INFO PSM-0040] All shapes on net VSS are connected.
########## IR report #################
Net              : VSS
Corner           : default
Total power      : 6.56e-03 W
Supply voltage   : 0.00e+00 V
Worstcase voltage: 5.58e-04 V
Average voltage  : 1.89e-04 V
Average IR drop  : 1.89e-04 V
Worstcase IR drop: 5.58e-04 V
Percentage drop  : 0.03 %
######################################
Cell type report:                       Count       Area
  Fill cell                               341    1325.02
  Tap cell                                 72      90.09
  Clock buffer                              8     100.10
  Timing Repair Buffer                    151    1332.53
  Inverter                                 13      48.80
  Sequential cell                          35    1023.48
  Multi-Input combinational cell          189    1721.65
  Total                                   809    5641.66
Report metrics stage 6, finish...

==========================================================================
finish report_design_area
--------------------------------------------------------------------------
Design area 4227 um^2 75% utilization.
[INFO GUI-0075] Warning: Ignoring XDG_SESSION_TYPE=wayland on Gnome. Use QT_QPA_PLATFORM=wayland to run on Wayland anyway.
[WARNING GUI-0010] File path does not end with a valid extension, new path is: ./reports/sky130hd/gcd/base/final_all.webp.png
[WARNING GUI-0010] File path does not end with a valid extension, new path is: ./reports/sky130hd/gcd/base/final_routing.webp.png
[WARNING GUI-0076] QXcbConnection: XCB error: 13 (BadGC), sequence: 956, resource id: 0, major code: 130 (Unknown), minor code: 3
[WARNING GUI-0010] File path does not end with a valid extension, new path is: ./reports/sky130hd/gcd/base/final_placement.webp.png
[WARNING GUI-0010] File path does not end with a valid extension, new path is: ./reports/sky130hd/gcd/base/final_ir_drop.webp.png
[WARNING GUI-0010] File path does not end with a valid extension, new path is: ./reports/sky130hd/gcd/base/final_clocks.webp.png
[WARNING GUI-0010] File path does not end with a valid extension, new path is: ./reports/sky130hd/gcd/base/cts_core_clock.webp.png
[WARNING GUI-0010] File path does not end with a valid extension, new path is: ./reports/sky130hd/gcd/base/cts_core_clock_layout.webp.png
[WARNING GUI-0010] File path does not end with a valid extension, new path is: ./reports/sky130hd/gcd/base/final_resizer.webp.png
[WARNING GUI-0010] File path does not end with a valid extension, new path is: ./reports/sky130hd/gcd/base/final_congestion.webp.png
[WARNING GUI-0010] File path does not end with a valid extension, new path is: ./reports/sky130hd/gcd/base/final_worst_path.webp.png
Elapsed time: 0:02.03[h:]min:sec. CPU time: user 1.61 sys 0.31 (94%). Peak memory: 255636KB.
Log                        Elapsed/s Peak Memory/MB  sha1sum .odb [0:20)
6_report                           2            249                  N/A
